"Deploying ASA: gold":
    asset-index: 85776331
    confirmed-round: 21178337
    pool-error: ""
    txn:
        sig:
            type: Buffer
            data:
                - 25
                - 238
                - 157
                - 44
                - 158
                - 242
                - 83
                - 120
                - 57
                - 231
                - 100
                - 202
                - 180
                - 250
                - 96
                - 103
                - 164
                - 187
                - 15
                - 59
                - 216
                - 30
                - 104
                - 32
                - 21
                - 57
                - 198
                - 199
                - 41
                - 166
                - 32
                - 74
                - 249
                - 106
                - 112
                - 39
                - 6
                - 59
                - 120
                - 59
                - 21
                - 189
                - 203
                - 158
                - 232
                - 126
                - 18
                - 158
                - 39
                - 187
                - 175
                - 242
                - 75
                - 118
                - 105
                - 147
                - 94
                - 86
                - 57
                - 23
                - 146
                - 5
                - 33
                - 15
        txn:
            apar:
                am:
                    type: Buffer
                    data:
                        - 49
                        - 50
                        - 51
                        - 49
                        - 50
                        - 52
                        - 52
                        - 50
                        - 49
                        - 52
                        - 50
                        - 49
                        - 52
                        - 49
                        - 50
                        - 52
                        - 49
                        - 50
                        - 52
                        - 52
                        - 52
                        - 52
                        - 52
                        - 52
                        - 49
                        - 49
                        - 49
                        - 49
                        - 49
                        - 49
                        - 51
                        - 51
                an: gold
                au: url
                c:
                    type: Buffer
                    data:
                        - 221
                        - 130
                        - 154
                        - 223
                        - 210
                        - 139
                        - 246
                        - 175
                        - 249
                        - 175
                        - 70
                        - 87
                        - 82
                        - 113
                        - 248
                        - 61
                        - 128
                        - 125
                        - 117
                        - 31
                        - 85
                        - 216
                        - 148
                        - 16
                        - 158
                        - 10
                        - 137
                        - 154
                        - 155
                        - 156
                        - 36
                        - 142
                f:
                    type: Buffer
                    data:
                        - 221
                        - 130
                        - 154
                        - 223
                        - 210
                        - 139
                        - 246
                        - 175
                        - 249
                        - 175
                        - 70
                        - 87
                        - 82
                        - 113
                        - 248
                        - 61
                        - 128
                        - 125
                        - 117
                        - 31
                        - 85
                        - 216
                        - 148
                        - 16
                        - 158
                        - 10
                        - 137
                        - 154
                        - 155
                        - 156
                        - 36
                        - 142
                m:
                    type: Buffer
                    data:
                        - 221
                        - 130
                        - 154
                        - 223
                        - 210
                        - 139
                        - 246
                        - 175
                        - 249
                        - 175
                        - 70
                        - 87
                        - 82
                        - 113
                        - 248
                        - 61
                        - 128
                        - 125
                        - 117
                        - 31
                        - 85
                        - 216
                        - 148
                        - 16
                        - 158
                        - 10
                        - 137
                        - 154
                        - 155
                        - 156
                        - 36
                        - 142
                r:
                    type: Buffer
                    data:
                        - 221
                        - 130
                        - 154
                        - 223
                        - 210
                        - 139
                        - 246
                        - 175
                        - 249
                        - 175
                        - 70
                        - 87
                        - 82
                        - 113
                        - 248
                        - 61
                        - 128
                        - 125
                        - 117
                        - 31
                        - 85
                        - 216
                        - 148
                        - 16
                        - 158
                        - 10
                        - 137
                        - 154
                        - 155
                        - 156
                        - 36
                        - 142
                t: 1000000000000
                un: GLD
            fee: 435000
            fv: 21178335
            gen: testnet-v1.0
            gh:
                type: Buffer
                data:
                    - 72
                    - 99
                    - 181
                    - 24
                    - 164
                    - 179
                    - 200
                    - 78
                    - 200
                    - 16
                    - 242
                    - 45
                    - 79
                    - 16
                    - 129
                    - 203
                    - 15
                    - 113
                    - 240
                    - 89
                    - 167
                    - 172
                    - 32
                    - 222
                    - 198
                    - 47
                    - 127
                    - 112
                    - 229
                    - 9
                    - 58
                    - 34
            lv: 21179335
            note:
                type: Buffer
                data:
                    - 110
                    - 111
                    - 116
                    - 101
                    - 98
                    - 54
                    - 52
            snd:
                type: Buffer
                data:
                    - 221
                    - 130
                    - 154
                    - 223
                    - 210
                    - 139
                    - 246
                    - 175
                    - 249
                    - 175
                    - 70
                    - 87
                    - 82
                    - 113
                    - 248
                    - 61
                    - 128
                    - 125
                    - 117
                    - 31
                    - 85
                    - 216
                    - 148
                    - 16
                    - 158
                    - 10
                    - 137
                    - 154
                    - 155
                    - 156
                    - 36
                    - 142
            type: acfg
